<?xml version="1.0" encoding="UTF-8"?>
<!-- Generated by org.testng.reporters.JUnitXMLReporter -->
<testsuite ignored="0" hostname="NX00428" failures="0" tests="3" name="Default test" time="35.502" errors="0" timestamp="2023-07-14T11:18:23 PKT">
  <testcase classname="com.fb.qa.testcases.MaterialIssuanceTest" name="verifyPageTitle" time="0.097"/>
  <testcase classname="com.fb.qa.testcases.MaterialIssuanceTest" name="materialIssuanceProcess" time="10.313"/>
  <testcase classname="com.fb.qa.testcases.MaterialIssuanceTest" name="approveIssuanceTest" time="4.151"/>
</testsuite> <!-- Default test -->
