<?xml version="1.0" encoding="UTF-8"?>
<!-- Generated by org.testng.reporters.JUnitXMLReporter -->
<testsuite ignored="0" hostname="NX00428" failures="0" tests="2" name="Default test" time="27.223" errors="0" timestamp="2023-07-05T18:51:05 PKT">
  <testcase classname="com.fb.qa.testcases.MaterialInspectionTest" name="testMaterialInspectionProcess" time="7.97"/>
  <testcase classname="com.fb.qa.testcases.MaterialInspectionTest" name="testApproveInspectionProcess" time="4.854"/>
</testsuite> <!-- Default test -->
