<?xml version="1.0" encoding="UTF-8"?>
<!-- Generated by org.testng.reporters.JUnitXMLReporter -->
<testsuite ignored="0" hostname="NX00428" failures="0" tests="2" name="Default test" time="30.653" errors="0" timestamp="2023-05-25T12:56:40 PKT">
  <testcase classname="com.fb.qa.testcases.MaterialInspectionTest" name="MaterialInspectionProcess" time="8.745"/>
  <testcase classname="com.fb.qa.testcases.MaterialInspectionTest" name="ApproveInspectionProcess" time="8.797"/>
</testsuite> <!-- Default test -->
