<?xml version="1.0" encoding="UTF-8"?>
<!-- Generated by org.testng.reporters.JUnitXMLReporter -->
<testsuite ignored="1" hostname="NX00428" failures="0" tests="1" name="Default test" time="15.074" errors="0" timestamp="2023-05-23T20:03:24 PKT">
  <testcase classname="com.fb.qa.testcases.MaterialInspectionTest" name="ApproveInspectionProcess" time="8.322"/>
  <testcase classname="com.fb.qa.testcases.MaterialInspectionTest" name="MaterialInspectionProcess" time="0.0">
    <ignored/>
  </testcase> <!-- MaterialInspectionProcess -->
</testsuite> <!-- Default test -->
