<?xml version="1.0" encoding="UTF-8"?>
<!-- Generated by org.testng.reporters.JUnitXMLReporter -->
<testsuite ignored="0" hostname="NX00428" failures="0" tests="7" name="F and B Testcases" time="174.23" errors="0" timestamp="2023-04-07T11:23:50 PKT">
  <testcase classname="com.fb.qa.testcases.LoginPageTest" name="loginPageTest" time="0.022"/>
  <testcase classname="com.fb.qa.testcases.LoginPageTest" name="login" time="0.456"/>
  <testcase classname="com.fb.qa.testcases.HomePageTest" name="verifyHomePageTitleTest" time="0.01"/>
  <testcase classname="com.fb.qa.testcases.HomePageTest" name="clickOnMaterialReq" time="1.879"/>
  <testcase classname="com.fb.qa.testcases.MaterialReqTest" name="verifyPageTitle" time="0.009"/>
  <testcase classname="com.fb.qa.testcases.MaterialReqTest" name="clickOnMaterialReq" time="0.172"/>
  <testcase classname="com.fb.qa.testcases.MaterialReqTest" name="clickOnAddMaterialReq" time="0.205"/>
</testsuite> <!-- F and B Testcases -->
