<?xml version="1.0" encoding="UTF-8"?>
<!-- Generated by org.testng.reporters.JUnitXMLReporter -->
<testsuite ignored="0" hostname="NX00428" failures="0" tests="11" name="F and B Testcases" time="169.115" errors="0" timestamp="2023-07-13T16:01:55 PKT">
  <testcase classname="com.fb.qa.testcases.InventoryTest" name="inventoryProcess" time="10.609"/>
  <testcase classname="com.fb.qa.testcases.MaterialRequisitionTest" name="verifyPageTitle" time="0.056"/>
  <testcase classname="com.fb.qa.testcases.MaterialRequisitionTest" name="materialReqProcess" time="8.003"/>
  <testcase classname="com.fb.qa.testcases.MaterialRequisitionTest" name="approveMaterialProcess" time="5.978"/>
  <testcase classname="com.fb.qa.testcases.MaterialIssuanceTest" name="verifyPageTitle" time="0.033"/>
  <testcase classname="com.fb.qa.testcases.MaterialIssuanceTest" name="materialIssuanceProcess" time="10.204"/>
  <testcase classname="com.fb.qa.testcases.MaterialIssuanceTest" name="approveIssuanceTest" time="3.707"/>
  <testcase classname="com.fb.qa.testcases.OutwardPageTest" name="outwardProcess" time="6.037"/>
  <testcase classname="com.fb.qa.testcases.OutwardPageTest" name="approveOutwardProcess" time="4.052"/>
  <testcase classname="com.fb.qa.testcases.InwardPageTest" name="inwardProcess" time="5.251"/>
  <testcase classname="com.fb.qa.testcases.InwardPageTest" name="approveInwardTest" time="4.272"/>
</testsuite> <!-- F and B Testcases -->
