<?xml version="1.0" encoding="UTF-8"?>
<testng-results ignored="0" total="2" passed="2" failed="0" skipped="0">
  <reporter-output>
  </reporter-output>
  <suite started-at="2023-07-05T18:50:38 PKT" name="Default suite" finished-at="2023-07-05T18:51:05 PKT" duration-ms="27223">
    <groups>
    </groups>
    <test started-at="2023-07-05T18:50:38 PKT" name="Default test" finished-at="2023-07-05T18:51:05 PKT" duration-ms="27223">
      <class name="com.fb.qa.testcases.MaterialInspectionTest">
        <test-method is-config="true" signature="setup()[pri:0, instance:com.fb.qa.testcases.MaterialInspectionTest@3a12c404]" started-at="2023-07-05T18:50:38 PKT" name="setup" finished-at="2023-07-05T18:50:44 PKT" duration-ms="6555" status="PASS">
          <reporter-output>
          </reporter-output>
        </test-method> <!-- setup -->
        <test-method signature="testMaterialInspectionProcess()[pri:1, instance:com.fb.qa.testcases.MaterialInspectionTest@3a12c404]" started-at="2023-07-05T18:50:44 PKT" name="testMaterialInspectionProcess" description="Perform Material Inspection Process" finished-at="2023-07-05T18:50:52 PKT" duration-ms="7970" status="PASS">
          <reporter-output>
          </reporter-output>
        </test-method> <!-- testMaterialInspectionProcess -->
        <test-method is-config="true" signature="teardown()[pri:0, instance:com.fb.qa.testcases.MaterialInspectionTest@3a12c404]" started-at="2023-07-05T18:50:52 PKT" name="teardown" finished-at="2023-07-05T18:50:54 PKT" duration-ms="1471" status="PASS">
          <reporter-output>
          </reporter-output>
        </test-method> <!-- teardown -->
        <test-method is-config="true" signature="setup()[pri:0, instance:com.fb.qa.testcases.MaterialInspectionTest@3a12c404]" started-at="2023-07-05T18:50:54 PKT" name="setup" finished-at="2023-07-05T18:50:59 PKT" duration-ms="5704" status="PASS">
          <reporter-output>
          </reporter-output>
        </test-method> <!-- setup -->
        <test-method signature="testApproveInspectionProcess()[pri:2, instance:com.fb.qa.testcases.MaterialInspectionTest@3a12c404]" started-at="2023-07-05T18:50:59 PKT" name="testApproveInspectionProcess" description="Perform Approval for Material Inspection" finished-at="2023-07-05T18:51:04 PKT" duration-ms="4854" status="PASS">
          <reporter-output>
          </reporter-output>
        </test-method> <!-- testApproveInspectionProcess -->
        <test-method is-config="true" signature="teardown()[pri:0, instance:com.fb.qa.testcases.MaterialInspectionTest@3a12c404]" started-at="2023-07-05T18:51:04 PKT" name="teardown" finished-at="2023-07-05T18:51:05 PKT" duration-ms="455" status="PASS">
          <reporter-output>
          </reporter-output>
        </test-method> <!-- teardown -->
      </class> <!-- com.fb.qa.testcases.MaterialInspectionTest -->
    </test> <!-- Default test -->
  </suite> <!-- Default suite -->
</testng-results>
